2025-04-18 03:38:18,446 - INFO - Running just ONE TREE
2025-04-18 03:38:18,447 - INFO - Running in torch mode with dataset: nursery
2025-04-18 03:38:18,447 - INFO - Input dimensions: 27, Number of classes: 4
2025-04-18 03:38:18,447 - INFO - Batch size: 32
2025-04-18 03:38:18,447 - INFO - Number of trees: 1, Max depth: 3
2025-04-18 03:38:18,447 - INFO - Combine output: True, Subset selection: True
2025-04-18 03:38:18,447 - INFO - Number of masked features: 26
2025-04-18 03:38:18,474 - INFO - Created Soft Tree Model
2025-04-18 03:38:18,474 - INFO - Running on a: cpu
2025-04-18 03:38:23,784 - INFO - Epoch [1/20], Training Loss: 0.3627, Accuracy: 0.8817 | Test Loss: 0.1999, Test Accuracy: 0.9263, Test AUC: 0.9873
2025-04-18 03:38:25,129 - INFO - Epoch [2/20], Training Loss: 0.1775, Accuracy: 0.9279 | Test Loss: 0.1557, Test Accuracy: 0.9294, Test AUC: 0.9907
2025-04-18 03:38:26,468 - INFO - Epoch [3/20], Training Loss: 0.1559, Accuracy: 0.9331 | Test Loss: 0.1348, Test Accuracy: 0.9479, Test AUC: 0.9931
2025-04-18 03:38:27,743 - INFO - Epoch [4/20], Training Loss: 0.1334, Accuracy: 0.9433 | Test Loss: 0.1080, Test Accuracy: 0.9583, Test AUC: 0.9947
2025-04-18 03:38:29,208 - INFO - Epoch [5/20], Training Loss: 0.1057, Accuracy: 0.9580 | Test Loss: 0.0849, Test Accuracy: 0.9684, Test AUC: 0.9967
2025-04-18 03:38:30,708 - INFO - Epoch [6/20], Training Loss: 0.0819, Accuracy: 0.9670 | Test Loss: 0.0836, Test Accuracy: 0.9668, Test AUC: 0.9961
2025-04-18 03:38:32,029 - INFO - Epoch [7/20], Training Loss: 0.0773, Accuracy: 0.9685 | Test Loss: 0.0702, Test Accuracy: 0.9726, Test AUC: 0.9971
2025-04-18 03:38:33,447 - INFO - Epoch [8/20], Training Loss: 0.0825, Accuracy: 0.9665 | Test Loss: 0.0604, Test Accuracy: 0.9776, Test AUC: 0.9977
2025-04-18 03:38:34,842 - INFO - Epoch [9/20], Training Loss: 0.0698, Accuracy: 0.9707 | Test Loss: 0.0686, Test Accuracy: 0.9726, Test AUC: 0.9974
2025-04-18 03:38:36,183 - INFO - Epoch [10/20], Training Loss: 0.0715, Accuracy: 0.9711 | Test Loss: 0.0551, Test Accuracy: 0.9772, Test AUC: 0.9977
2025-04-18 03:38:37,500 - INFO - Epoch [11/20], Training Loss: 0.0690, Accuracy: 0.9707 | Test Loss: 0.0557, Test Accuracy: 0.9749, Test AUC: 0.9979
2025-04-18 03:38:38,762 - INFO - Epoch [12/20], Training Loss: 0.0616, Accuracy: 0.9738 | Test Loss: 0.0807, Test Accuracy: 0.9622, Test AUC: 0.9970
2025-04-18 03:38:40,085 - INFO - Epoch [13/20], Training Loss: 0.0633, Accuracy: 0.9725 | Test Loss: 0.0636, Test Accuracy: 0.9715, Test AUC: 0.9975
2025-04-18 03:38:41,366 - INFO - Epoch [14/20], Training Loss: 0.0590, Accuracy: 0.9754 | Test Loss: 0.0486, Test Accuracy: 0.9753, Test AUC: 0.9984
2025-04-18 03:38:42,663 - INFO - Epoch [15/20], Training Loss: 0.0616, Accuracy: 0.9752 | Test Loss: 0.0694, Test Accuracy: 0.9699, Test AUC: 0.9973
2025-04-18 03:38:44,097 - INFO - Epoch [16/20], Training Loss: 0.0566, Accuracy: 0.9753 | Test Loss: 0.0512, Test Accuracy: 0.9803, Test AUC: 0.9981
2025-04-18 03:38:45,438 - INFO - Epoch [17/20], Training Loss: 0.0587, Accuracy: 0.9743 | Test Loss: 0.0509, Test Accuracy: 0.9769, Test AUC: 0.9983
2025-04-18 03:38:46,819 - INFO - Epoch [18/20], Training Loss: 0.0646, Accuracy: 0.9741 | Test Loss: 0.0660, Test Accuracy: 0.9707, Test AUC: 0.9981
2025-04-18 03:38:48,119 - INFO - Epoch [19/20], Training Loss: 0.0588, Accuracy: 0.9738 | Test Loss: 0.0907, Test Accuracy: 0.9622, Test AUC: 0.9967
2025-04-18 03:38:49,531 - INFO - Epoch [20/20], Training Loss: 0.0676, Accuracy: 0.9736 | Test Loss: 0.0475, Test Accuracy: 0.9780, Test AUC: 0.9987
2025-04-18 03:38:49,532 - INFO - The single tree took 0.5176385641098022 to run.
